{"C:\\Users\\norie\\OneDrive\\factcloud-react\\src\\__tests__\\authService.js": {"path":"C:\\Users\\norie\\OneDrive\\factcloud-react\\src\\__tests__\\authService.js","statementMap":{"0":{"start":{"line":4,"column":17},"end":{"line":4,"column":24}},"1":{"start":{"line":11,"column":18},"end":{"line":21,"column":3}},"2":{"start":{"line":23,"column":19},"end":{"line":23,"column":74}},"3":{"start":{"line":24,"column":2},"end":{"line":24,"column":23}},"4":{"start":{"line":32,"column":19},"end":{"line":32,"column":86}},"5":{"start":{"line":33,"column":2},"end":{"line":33,"column":23}},"6":{"start":{"line":41,"column":19},"end":{"line":41,"column":64}},"7":{"start":{"line":42,"column":2},"end":{"line":42,"column":23}},"8":{"start":{"line":50,"column":19},"end":{"line":50,"column":63}},"9":{"start":{"line":51,"column":2},"end":{"line":51,"column":23}},"10":{"start":{"line":59,"column":19},"end":{"line":59,"column":86}},"11":{"start":{"line":60,"column":2},"end":{"line":60,"column":23}}},"fnMap":{"0":{"name":"registerUser","decl":{"start":{"line":10,"column":22},"end":{"line":10,"column":34}},"loc":{"start":{"line":10,"column":41},"end":{"line":25,"column":1}},"line":10},"1":{"name":"loginUser","decl":{"start":{"line":31,"column":22},"end":{"line":31,"column":31}},"loc":{"start":{"line":31,"column":56},"end":{"line":34,"column":1}},"line":31},"2":{"name":"refreshToken","decl":{"start":{"line":40,"column":22},"end":{"line":40,"column":34}},"loc":{"start":{"line":40,"column":37},"end":{"line":43,"column":1}},"line":40},"3":{"name":"logoutUser","decl":{"start":{"line":49,"column":22},"end":{"line":49,"column":32}},"loc":{"start":{"line":49,"column":35},"end":{"line":52,"column":1}},"line":49},"4":{"name":"validateDiscountCode","decl":{"start":{"line":58,"column":22},"end":{"line":58,"column":42}},"loc":{"start":{"line":58,"column":51},"end":{"line":61,"column":1}},"line":58}},"branchMap":{"0":{"loc":{"start":{"line":14,"column":22},"end":{"line":14,"column":86}},"type":"binary-expr","locations":[{"start":{"line":14,"column":22},"end":{"line":14,"column":69}},{"start":{"line":14,"column":73},"end":{"line":14,"column":86}}],"line":14},"1":{"loc":{"start":{"line":15,"column":22},"end":{"line":15,"column":65}},"type":"binary-expr","locations":[{"start":{"line":15,"column":22},"end":{"line":15,"column":59}},{"start":{"line":15,"column":63},"end":{"line":15,"column":65}}],"line":15},"2":{"loc":{"start":{"line":20,"column":22},"end":{"line":20,"column":47}},"type":"binary-expr","locations":[{"start":{"line":20,"column":22},"end":{"line":20,"column":39}},{"start":{"line":20,"column":43},"end":{"line":20,"column":47}}],"line":20}},"s":{"0":0,"1":0,"2":0,"3":0,"4":0,"5":0,"6":0,"7":0,"8":0,"9":0,"10":0,"11":0},"f":{"0":0,"1":0,"2":0,"3":0,"4":0},"b":{"0":[0,0],"1":[0,0],"2":[0,0]}}
}
